<?xml version="1.0" encoding="UTF-8"?>
<testsuite name="ohtuesimerkki.StatisticsTest" tests="4" skipped="0" failures="0" errors="0" timestamp="2020-03-20T18:37:06" hostname="lx8-fuxi217" time="0.045">
  <properties/>
  <testcase name="etsiPelaaja" classname="ohtuesimerkki.StatisticsTest" time="0.005"/>
  <testcase name="palautaTiiminPelaajat" classname="ohtuesimerkki.StatisticsTest" time="0.038"/>
  <testcase name="etsiPelaajaVirhe" classname="ohtuesimerkki.StatisticsTest" time="0.0"/>
  <testcase name="palautaParhaatPelaajat" classname="ohtuesimerkki.StatisticsTest" time="0.001"/>
  <system-out><![CDATA[]]></system-out>
  <system-err><![CDATA[]]></system-err>
</testsuite>
